<?xml version="1.0" encoding="UTF-8"?>
<!-- Generated by org.testng.reporters.JUnitXMLReporter -->
<testsuite ignored="5" hostname="root328" failures="0" tests="1" name="Default test" time="2.081" errors="0" timestamp="2022-09-06T15:38:33 IST">
  <testcase classname="tests.ElasticSI_Project" name="getExtension" time="1.991"/>
  <testcase classname="tests.ElasticSI_Project" name="getProjects" time="0.0">
    <ignored/>
  </testcase> <!-- getProjects -->
  <testcase classname="tests.ElasticSI_Project" name="getProjectsById" time="0.0">
    <ignored/>
  </testcase> <!-- getProjectsById -->
  <testcase classname="tests.ElasticSI_Project" name="getProjectsOptimized" time="0.0">
    <ignored/>
  </testcase> <!-- getProjectsOptimized -->
  <testcase classname="tests.ElasticSI_Project" name="getProjectsByIdOptimized" time="0.0">
    <ignored/>
  </testcase> <!-- getProjectsByIdOptimized -->
  <testcase classname="tests.ElasticSI_Project" name="getFilterDetails" time="0.0">
    <ignored/>
  </testcase> <!-- getFilterDetails -->
</testsuite> <!-- Default test -->
