<?xml version="1.0" encoding="UTF-8"?>
<testng-results ignored="5" total="6" passed="1" failed="0" skipped="0">
  <reporter-output>
  </reporter-output>
  <suite started-at="2022-09-06T15:38:31 IST" name="Default suite" finished-at="2022-09-06T15:38:33 IST" duration-ms="2081">
    <groups>
    </groups>
    <test started-at="2022-09-06T15:38:31 IST" name="Default test" finished-at="2022-09-06T15:38:33 IST" duration-ms="2081">
      <class name="tests.ElasticSI_Project">
        <test-method signature="getExtension()[pri:0, instance:tests.ElasticSI_Project@7c711375]" started-at="2022-09-06T15:38:31 IST" name="getExtension" finished-at="2022-09-06T15:38:33 IST" duration-ms="1991" status="PASS">
          <reporter-output>
          </reporter-output>
        </test-method> <!-- getExtension -->
      </class> <!-- tests.ElasticSI_Project -->
    </test> <!-- Default test -->
  </suite> <!-- Default suite -->
</testng-results>
